2018-08-31 16:28:11,762 - root - ERROR - 用户名或密码错误
2018-08-31 16:28:18,305 - root - ERROR - 用户名或密码错误
2018-08-31 16:28:27,943 - root - INFO - 用户登录成功
2018-08-31 16:37:01,994 - root - INFO - 用户登录成功
2018-08-31 16:39:09,324 - root - INFO - hu登录成功
2018-08-31 16:42:53,677 - root - INFO - admin登录成功
2018-08-31 16:45:09,435 - root - INFO - hu登录成功
2018-08-31 16:47:31,203 - root - INFO - 注册了alex用户
2018-08-31 16:47:38,285 - root - INFO - alex登录成功
2018-08-31 16:48:20,632 - root - ERROR - 原始密码不对
2018-08-31 16:50:15,157 - root - ERROR - 原始密码不对
2018-08-31 16:50:48,018 - root - ERROR - 原始密码不对
2018-08-31 16:50:55,154 - root - ERROR - 原始密码不对
2018-08-31 16:51:07,647 - root - ERROR - 原始密码不对
2018-08-31 16:51:33,339 - root - ERROR - 原始密码不对
2018-08-31 16:54:48,005 - root - INFO - hu登录成功
2018-08-31 20:46:45,547 - django.request - WARNING - Not Found: /
2018-08-31 20:46:45,749 - django.request - WARNING - Not Found: /favicon.ico
2018-08-31 20:46:51,636 - django.request - WARNING - Not Found: /favicon.ico
2018-08-31 20:47:35,787 - root - INFO - hu登录成功
2018-08-31 20:48:15,326 - django.request - WARNING - Not Found: /favicon.ico
2018-08-31 20:51:55,592 - django.request - WARNING - Not Found: /
2018-08-31 20:52:07,351 - root - INFO - hu登录成功
2018-09-23 16:00:20,217 - django.request - WARNING - Not Found: /
2018-09-23 16:00:23,627 - django.request - WARNING - Not Found: /favicon.ico
2018-09-23 16:00:51,670 - root - INFO - admin登录成功
2018-09-23 16:01:09,174 - root - ERROR - 原始密码不对
2018-09-23 16:01:26,348 - root - ERROR - 原始密码不对
2018-11-14 12:52:50,920 - django.request - WARNING - Not Found: /
2018-11-14 12:52:55,819 - django.request - WARNING - Not Found: /favicon.ico
